#
# There is insufficient memory for the Java Runtime Environment to continue.
# Native memory allocation (mmap) failed to map 67108864 bytes for Failed to commit area from 0x00000000c1e00000 to 0x00000000c5e00000 of length 67108864.
# Possible reasons:
#   The system is out of physical RAM or swap space
#   The process is running with CompressedOops enabled, and the Java Heap may be blocking the growth of the native heap
# Possible solutions:
#   Reduce memory load on the system
#   Increase physical memory or swap space
#   Check if swap backing store is full
#   Decrease Java heap size (-Xmx/-Xms)
#   Decrease number of Java threads
#   Decrease Java thread stack sizes (-Xss)
#   Set larger code cache with -XX:ReservedCodeCacheSize=
# This output file may be truncated or incomplete.
#
#  Out of Memory Error (t:/workspace/open/src/hotspot/os/windows/os_windows.cpp:3301), pid=14084, tid=10876
#
# JRE version:  (13.0.2+8) (build )
# Java VM: Java HotSpot(TM) 64-Bit Server VM (13.0.2+8, mixed mode, aot, sharing, tiered, compressed oops, g1 gc, windows-amd64)
# No core dump will be written. Minidumps are not enabled by default on client versions of Windows
#

---------------  S U M M A R Y ------------

Command Line: -Dfile.encoding=Cp1252 attendanceSystem.new_student

Host: Intel(R) Core(TM) i5-3320M CPU @ 2.60GHz, 4 cores, 3G,  Windows 10 , 64 bit Build 19041 (10.0.19041.804)
Time: Fri Mar 19 01:56:38 2021 Pacific Daylight Time elapsed time: 0 seconds (0d 0h 0m 0s)

---------------  T H R E A D  ---------------

Current thread (0x0000017ad4c07000):  JavaThread "Unknown thread" [_thread_in_vm, id=10876, stack(0x0000002ff6100000,0x0000002ff6200000)]

Stack: [0x0000002ff6100000,0x0000002ff6200000]
Native frames: (J=compiled Java code, j=interpreted, Vv=VM code, C=native code)
V  [jvm.dll+0x624f9a]
V  [jvm.dll+0x770cfa]
V  [jvm.dll+0x7724af]
V  [jvm.dll+0x772ab3]
V  [jvm.dll+0x24bf08]
V  [jvm.dll+0x6222aa]
V  [jvm.dll+0x6170b5]
V  [jvm.dll+0x30a88c]
V  [jvm.dll+0x30a6c2]
V  [jvm.dll+0x30fe36]
V  [jvm.dll+0x353f46]
V  [jvm.dll+0x353720]
V  [jvm.dll+0x2e550a]
V  [jvm.dll+0x2e67a2]
V  [jvm.dll+0x74dd78]
V  [jvm.dll+0x361989]
V  [jvm.dll+0x730e65]
V  [jvm.dll+0x3cc53f]
V  [jvm.dll+0x3ce861]
C  [jli.dll+0x51ff]
C  [ucrtbase.dll+0x21bb2]
C  [KERNEL32.DLL+0x17034]
C  [ntdll.dll+0x52651]


---------------  P R O C E S S  ---------------

Threads class SMR info:
_java_thread_list=0x00007ffcfaf1ccb8, length=0, elements={
}

Java Threads: ( => current thread )

Other Threads:
  0x0000017ad4c39800 GCTaskThread "GC Thread#0" [stack: 0x0000002ff6200000,0x0000002ff6300000] [id=4904]
  0x0000017ad4c44800 ConcurrentGCThread "G1 Main Marker" [stack: 0x0000002ff6300000,0x0000002ff6400000] [id=5000]
  0x0000017ad4c46800 ConcurrentGCThread "G1 Conc#0" [stack: 0x0000002ff6400000,0x0000002ff6500000] [id=8724]

[error occurred during error reporting (printing all threads), id 0xc0000005, EXCEPTION_ACCESS_VIOLATION (0xc0000005) at pc=0x00007ffcfa7551d7]

VM state:not at safepoint (not fully initialized)

VM Mutex/Monitor currently owned by a thread:  ([mutex/lock_event])
[0x0000017ad4c032b0] Heap_lock - owner thread: 0x0000017ad4c07000

Heap address: 0x00000000c1e00000, size: 994 MB, Compressed Oops mode: Non-zero based: 0x00000000c1e00000
Narrow klass base: 0x0000000000000000, Narrow klass shift: 0

GC Heap History (0 events):
No events

Deoptimization events (0 events):
No events

Classes unloaded (0 events):
No events

Classes redefined (0 events):
No events

Internal exceptions (0 events):
No events

Events (8 events):
Event: 0.030 Loaded shared library C:\Program Files\Java\jdk-13.0.2\bin\zip.dll
Event: 0.031 Loaded shared library C:\Program Files\Java\jdk-13.0.2\bin\jimage.dll
Event: 0.032 Loading shared library C:\Program Files\Java\jdk-13.0.2\lib\libjava.base-coop.dll failed, error code 126
Event: 0.032 Loading shared library C:\Program Files\Java\jdk-13.0.2\lib\libjava.logging-coop.dll failed, error code 126
Event: 0.032 Loading shared library C:\Program Files\Java\jdk-13.0.2\lib\libjdk.compiler-coop.dll failed, error code 126
Event: 0.032 Loading shared library C:\Program Files\Java\jdk-13.0.2\lib\libjdk.scripting.nashorn-coop.dll failed, error code 126
Event: 0.032 Loading shared library C:\Program Files\Java\jdk-13.0.2\lib\libjdk.internal.vm.ci-coop.dll failed, error code 126
Event: 0.032 Loading shared library C:\Program Files\Java\jdk-13.0.2\lib\libjdk.internal.vm.compiler-coop.dll failed, error code 126


Dynamic libraries:
0x00007ff69a270000 - 0x00007ff69a27f000 	C:\Program Files\Java\jdk-13.0.2\bin\javaw.exe
0x00007ffd39690000 - 0x00007ffd39885000 	C:\WINDOWS\SYSTEM32\ntdll.dll
0x00007ffd38740000 - 0x00007ffd387fd000 	C:\WINDOWS\System32\KERNEL32.DLL
0x00007ffd372e0000 - 0x00007ffd375a9000 	C:\WINDOWS\System32\KERNELBASE.dll
0x00007ffd370e0000 - 0x00007ffd371e0000 	C:\WINDOWS\System32\ucrtbase.dll
0x00007ffd248a0000 - 0x00007ffd248b5000 	C:\Program Files\Java\jdk-13.0.2\bin\VCRUNTIME140.dll
0x00007ffd248c0000 - 0x00007ffd248d8000 	C:\Program Files\Java\jdk-13.0.2\bin\jli.dll
0x00007ffd39320000 - 0x00007ffd393cc000 	C:\WINDOWS\System32\ADVAPI32.dll
0x00007ffd37880000 - 0x00007ffd3791e000 	C:\WINDOWS\System32\msvcrt.dll
0x00007ffd38880000 - 0x00007ffd3891c000 	C:\WINDOWS\System32\sechost.dll
0x00007ffd39520000 - 0x00007ffd3964b000 	C:\WINDOWS\System32\RPCRT4.dll
0x00007ffd38a10000 - 0x00007ffd38bb0000 	C:\WINDOWS\System32\USER32.dll
0x00007ffd37640000 - 0x00007ffd37662000 	C:\WINDOWS\System32\win32u.dll
0x00007ffd37f60000 - 0x00007ffd37f8a000 	C:\WINDOWS\System32\GDI32.dll
0x00007ffd36fd0000 - 0x00007ffd370db000 	C:\WINDOWS\System32\gdi32full.dll
0x00007ffd36f30000 - 0x00007ffd36fcd000 	C:\WINDOWS\System32\msvcp_win.dll
0x00007ffd2aac0000 - 0x00007ffd2ad5a000 	C:\WINDOWS\WinSxS\amd64_microsoft.windows.common-controls_6595b64144ccf1df_6.0.19041.844_none_ca00b6081b84eb1d\COMCTL32.dll
0x00007ffd2c8b0000 - 0x00007ffd2c8ba000 	C:\WINDOWS\SYSTEM32\VERSION.dll
0x00007ffd393d0000 - 0x00007ffd39400000 	C:\WINDOWS\System32\IMM32.DLL
0x00007ffd24800000 - 0x00007ffd2489b000 	C:\Program Files\Java\jdk-13.0.2\bin\msvcp140.dll
0x00007ffcfa460000 - 0x00007ffcfafbd000 	C:\Program Files\Java\jdk-13.0.2\bin\server\jvm.dll
0x00007ffd39020000 - 0x00007ffd39028000 	C:\WINDOWS\System32\PSAPI.DLL
0x00007ffd20340000 - 0x00007ffd20349000 	C:\WINDOWS\SYSTEM32\WSOCK32.dll
0x00007ffd38800000 - 0x00007ffd3886b000 	C:\WINDOWS\System32\WS2_32.dll
0x00007ffd2c130000 - 0x00007ffd2c157000 	C:\WINDOWS\SYSTEM32\WINMM.dll
0x00007ffd34c10000 - 0x00007ffd34c22000 	C:\WINDOWS\SYSTEM32\kernel.appcore.dll
0x00007ffd1f2b0000 - 0x00007ffd1f2c0000 	C:\Program Files\Java\jdk-13.0.2\bin\verify.dll
0x00007ffd30960000 - 0x00007ffd30b44000 	C:\WINDOWS\SYSTEM32\DBGHELP.DLL
0x00007ffd30100000 - 0x00007ffd3012c000 	C:\WINDOWS\SYSTEM32\dbgcore.DLL
0x00007ffd37670000 - 0x00007ffd376f0000 	C:\WINDOWS\System32\bcryptPrimitives.dll
0x00007ffd169e0000 - 0x00007ffd16a06000 	C:\Program Files\Java\jdk-13.0.2\bin\java.dll
0x00007ffd16c00000 - 0x00007ffd16c17000 	C:\Program Files\Java\jdk-13.0.2\bin\zip.dll
0x00007ffd1eea0000 - 0x00007ffd1eeaa000 	C:\Program Files\Java\jdk-13.0.2\bin\jimage.dll

dbghelp: loaded successfully - version: 4.0.5 - missing functions: none
symbol engine: initialized successfully - sym options: 0x614 - pdb path: .;C:\Program Files\Java\jdk-13.0.2\bin;C:\WINDOWS\SYSTEM32;C:\WINDOWS\WinSxS\amd64_microsoft.windows.common-controls_6595b64144ccf1df_6.0.19041.844_none_ca00b6081b84eb1d;C:\Program Files\Java\jdk-13.0.2\bin\server

VM Arguments:
jvm_args: -Dfile.encoding=Cp1252 
java_command: attendanceSystem.new_student
java_class_path (initial): C:\Users\Mr.Nobady\eclipse-workspace\attendance system\bin;C:\Users\Mr.Nobady\Downloads\mysql-connector-java-8.0.19\mysql-connector-java-8.0.19\mysql-connector-java-8.0.19.jar;C:\Users\Mr.Nobady\eclipse-workspace\attendance system\jgoodies-forms-1.8.0.jar;C:\Users\Mr.Nobady\eclipse-workspace\attendance system\miglayout15-swing.jar;C:\Users\Mr.Nobady\eclipse-workspace\attendance system\jcalendar-1.4.jar
Launcher Type: SUN_STANDARD

[Global flags]
     intx CICompilerCount                          = 3                                         {product} {ergonomic}
     uint ConcGCThreads                            = 1                                         {product} {ergonomic}
     uint G1ConcRefinementThreads                  = 4                                         {product} {ergonomic}
   size_t G1HeapRegionSize                         = 1048576                                   {product} {ergonomic}
    uintx GCDrainStackTargetSize                   = 64                                        {product} {ergonomic}
   size_t InitialHeapSize                          = 67108864                                  {product} {ergonomic}
   size_t MarkStackSize                            = 4194304                                   {product} {ergonomic}
   size_t MaxHeapSize                              = 1042284544                                {product} {ergonomic}
   size_t MinHeapDeltaBytes                        = 1048576                                   {product} {ergonomic}
   size_t MinHeapSize                              = 8388608                                   {product} {ergonomic}
    uintx NonNMethodCodeHeapSize                   = 5832780                                {pd product} {ergonomic}
    uintx NonProfiledCodeHeapSize                  = 122912730                              {pd product} {ergonomic}
    uintx ProfiledCodeHeapSize                     = 122912730                              {pd product} {ergonomic}
    uintx ReservedCodeCacheSize                    = 251658240                              {pd product} {ergonomic}
     bool SegmentedCodeCache                       = true                                      {product} {ergonomic}
   size_t SoftMaxHeapSize                          = 1042284544                             {manageable} {ergonomic}
     bool UseCompressedClassPointers               = true                                 {lp64_product} {ergonomic}
     bool UseCompressedOops                        = true                                 {lp64_product} {ergonomic}
     bool UseG1GC                                  = true                                      {product} {ergonomic}
     bool UseLargePagesIndividualAllocation        = false                                  {pd product} {ergonomic}

Logging:
Log output configuration:
 #0: stdout all=warning uptime,level,tags
 #1: stderr all=off uptime,level,tags

Environment Variables:
PATH=C:/Program Files/Java/jdk-13.0.2/bin/server;C:/Program Files/Java/jdk-13.0.2/bin;C:\WINDOWS\system32;C:\WINDOWS;C:\WINDOWS\System32\Wbem;C:\WINDOWS\System32\WindowsPowerShell\v1.0\;C:\WINDOWS\System32\OpenSSH\;C:\Users\Mr.Nobady\Downloads\wget.exe;C:\Users\Mr.Nobady\AppData\Local\Programs\Python\Python39\Scripts\;C:\Users\Mr.Nobady\AppData\Local\Programs\Python\Python39\;C:\Users\Mr.Nobady\AppData\Local\Microsoft\WindowsApps;C:\Users\Mr.Nobady\AppData\Local\Programs\Microsoft VS Code\bin;C:\Program Files\Java\jdk-13.0.2\bin;C:\Program Files (x86)\Nmap;C:\Users\Mr.Nobady\eclipse\java-2020-03\eclipse;
USERNAME=Mr.Nobady
OS=Windows_NT
PROCESSOR_IDENTIFIER=Intel64 Family 6 Model 58 Stepping 9, GenuineIntel



---------------  S Y S T E M  ---------------

OS: Windows 10 , 64 bit Build 19041 (10.0.19041.804)

CPU:total 4 (initial active 4) (2 cores per cpu, 2 threads per core) family 6 model 58 stepping 9, cmov, cx8, fxsr, mmx, sse, sse2, sse3, ssse3, sse4.1, sse4.2, popcnt, avx, aes, clmul, erms, ht, tsc, tscinvbit, tscinv

Memory: 4k page, system-wide physical 3969M (261M free)
TotalPageFile size 12896M (AvailPageFile size 16M)
current process WorkingSet (physical memory assigned to process): 9M, peak: 9M
current process commit charge ("private bytes"): 51M, peak: 115M

vm_info: Java HotSpot(TM) 64-Bit Server VM (13.0.2+8) for windows-amd64 JRE (13.0.2+8), built on Dec 11 2019 09:20:33 by "mach5one" with unknown MS VC++:1916

END.
